<?xml version="1.0" encoding="UTF-8"?>
<testng-results ignored="0" total="1" passed="1" failed="0" skipped="0">
  <reporter-output>
  </reporter-output>
  <suite started-at="2021-08-03T18:24:51 IST" name="Default suite" finished-at="2021-08-03T18:24:56 IST" duration-ms="4628">
    <groups>
    </groups>
    <test started-at="2021-08-03T18:24:51 IST" name="Default test" finished-at="2021-08-03T18:24:56 IST" duration-ms="4628">
      <class name="com.rmgyantra.projectTest.CreateProjectWithCompleteStatusUsingFramework">
        <test-method is-config="true" signature="configBeforeSuite()[pri:0, instance:com.rmgyantra.projectTest.CreateProjectWithCompleteStatusUsingFramework@342c38f8]" started-at="2021-08-03T18:24:49 IST" name="configBeforeSuite" finished-at="2021-08-03T18:24:51 IST" duration-ms="1558" status="PASS">
          <reporter-output>
          </reporter-output>
        </test-method> <!-- configBeforeSuite -->
        <test-method signature="createprojectwithcompletestatususingframework()[pri:0, instance:com.rmgyantra.projectTest.CreateProjectWithCompleteStatusUsingFramework@342c38f8]" started-at="2021-08-03T18:24:51 IST" name="createprojectwithcompletestatususingframework" finished-at="2021-08-03T18:24:56 IST" duration-ms="4588" status="PASS">
          <reporter-output>
          </reporter-output>
        </test-method> <!-- createprojectwithcompletestatususingframework -->
      </class> <!-- com.rmgyantra.projectTest.CreateProjectWithCompleteStatusUsingFramework -->
    </test> <!-- Default test -->
  </suite> <!-- Default suite -->
</testng-results>
